# JRE version: Java(TM) SE Runtime Environment (8.0_202-b08) (build 1.8.0_202-b08)
# Java VM: Java HotSpot(TM) 64-Bit Server VM (25.202-b08 mixed mode windows-amd64 compressed oops)
Heap:
 PSYoungGen      total 1287680K, used 397038K [0x000000076b100000, 0x00000007bfe80000, 0x00000007c0000000)
  eden space 1189888K, 31% used [0x000000076b100000,0x00000007822967e0,0x00000007b3b00000)
  from space 97792K, 18% used [0x00000007b3b00000,0x00000007b4d25020,0x00000007b9a80000)
  to   space 94208K, 0% used [0x00000007ba280000,0x00000007ba280000,0x00000007bfe80000)
 ParOldGen       total 652288K, used 362527K [0x00000006c1200000, 0x00000006e8f00000, 0x000000076b100000)
  object space 652288K, 55% used [0x00000006c1200000,0x00000006d7407ff8,0x00000006e8f00000)
 Metaspace       used 142091K, capacity 147960K, committed 149324K, reserved 1181696K
  class space    used 15764K, capacity 16753K, committed 17024K, reserved 1048576K
GC Heap History (10 events):
Event: 45.384 GC heap before
{Heap before GC invocations=26 (full 4):
 PSYoungGen      total 1277440K, used 1277301K [0x000000076b100000, 0x00000007c0000000, 0x00000007c0000000)
  eden space 1225728K, 100% used [0x000000076b100000,0x00000007b5e00000,0x00000007b5e00000)
  from space 51712K, 99% used [0x00000007b5e00000,0x00000007b905d5e8,0x00000007b9080000)
  to   space 86016K, 0% used [0x00000007bac00000,0x00000007bac00000,0x00000007c0000000)
 ParOldGen       total 365056K, used 267450K [0x00000006c1200000, 0x00000006d7680000, 0x000000076b100000)
  object space 365056K, 73% used [0x00000006c1200000,0x00000006d172e8a8,0x00000006d7680000)
 Metaspace       used 140718K, capacity 146292K, committed 146508K, reserved 1179648K
  class space    used 15665K, capacity 16685K, committed 16768K, reserved 1048576K
Event: 45.484 GC heap after
Heap after GC invocations=26 (full 4):
 PSYoungGen      total 1270784K, used 86005K [0x000000076b100000, 0x00000007c0000000, 0x00000007c0000000)
  eden space 1184768K, 0% used [0x000000076b100000,0x000000076b100000,0x00000007b3600000)
  from space 86016K, 99% used [0x00000007bac00000,0x00000007bfffd538,0x00000007c0000000)
  to   space 103424K, 0% used [0x00000007b3600000,0x00000007b3600000,0x00000007b9b00000)
 ParOldGen       total 365056K, used 275089K [0x00000006c1200000, 0x00000006d7680000, 0x000000076b100000)
  object space 365056K, 75% used [0x00000006c1200000,0x00000006d1ea4440,0x00000006d7680000)
 Metaspace       used 140718K, capacity 146292K, committed 146508K, reserved 1179648K
  class space    used 15665K, capacity 16685K, committed 16768K, reserved 1048576K
}
Event: 48.313 GC heap before
{Heap before GC invocations=27 (full 4):
 PSYoungGen      total 1270784K, used 1270773K [0x000000076b100000, 0x00000007c0000000, 0x00000007c0000000)
  eden space 1184768K, 100% used [0x000000076b100000,0x00000007b3600000,0x00000007b3600000)
  from space 86016K, 99% used [0x00000007bac00000,0x00000007bfffd538,0x00000007c0000000)
  to   space 103424K, 0% used [0x00000007b3600000,0x00000007b3600000,0x00000007b9b00000)
 ParOldGen       total 365056K, used 275089K [0x00000006c1200000, 0x00000006d7680000, 0x000000076b100000)
  object space 365056K, 75% used [0x00000006c1200000,0x00000006d1ea4440,0x00000006d7680000)
 Metaspace       used 141837K, capacity 148010K, committed 148300K, reserved 1181696K
  class space    used 15833K, capacity 16926K, committed 17024K, reserved 1048576K
Event: 48.423 GC heap after
Heap after GC invocations=27 (full 4):
 PSYoungGen      total 1288192K, used 27741K [0x000000076b100000, 0x00000007c0000000, 0x00000007c0000000)
  eden space 1184768K, 0% used [0x000000076b100000,0x000000076b100000,0x00000007b3600000)
  from space 103424K, 26% used [0x00000007b3600000,0x00000007b5117678,0x00000007b9b00000)
  to   space 98304K, 0% used [0x00000007ba000000,0x00000007ba000000,0x00000007c0000000)
 ParOldGen       total 365056K, used 357896K [0x00000006c1200000, 0x00000006d7680000, 0x000000076b100000)
  object space 365056K, 98% used [0x00000006c1200000,0x00000006d6f822b0,0x00000006d7680000)
 Metaspace       used 141837K, capacity 148010K, committed 148300K, reserved 1181696K
  class space    used 15833K, capacity 16926K, committed 17024K, reserved 1048576K
}
Event: 48.423 GC heap before
{Heap before GC invocations=28 (full 5):
 PSYoungGen      total 1288192K, used 27741K [0x000000076b100000, 0x00000007c0000000, 0x00000007c0000000)
  eden space 1184768K, 0% used [0x000000076b100000,0x000000076b100000,0x00000007b3600000)
  from space 103424K, 26% used [0x00000007b3600000,0x00000007b5117678,0x00000007b9b00000)
  to   space 98304K, 0% used [0x00000007ba000000,0x00000007ba000000,0x00000007c0000000)
 ParOldGen       total 365056K, used 357896K [0x00000006c1200000, 0x00000006d7680000, 0x000000076b100000)
  object space 365056K, 98% used [0x00000006c1200000,0x00000006d6f822b0,0x00000006d7680000)
 Metaspace       used 141837K, capacity 148010K, committed 148300K, reserved 1181696K
  class space    used 15833K, capacity 16926K, committed 17024K, reserved 1048576K
Event: 49.389 GC heap after
Heap after GC invocations=28 (full 5):
 PSYoungGen      total 1288192K, used 0K [0x000000076b100000, 0x00000007c0000000, 0x00000007c0000000)
  eden space 1184768K, 0% used [0x000000076b100000,0x000000076b100000,0x00000007b3600000)
  from space 103424K, 0% used [0x00000007b3600000,0x00000007b3600000,0x00000007b9b00000)
  to   space 98304K, 0% used [0x00000007ba000000,0x00000007ba000000,0x00000007c0000000)
 ParOldGen       total 652288K, used 362519K [0x00000006c1200000, 0x00000006e8f00000, 0x000000076b100000)
  object space 652288K, 55% used [0x00000006c1200000,0x00000006d7405ff8,0x00000006e8f00000)
 Metaspace       used 140862K, capacity 146450K, committed 148300K, reserved 1181696K
  class space    used 15689K, capacity 16666K, committed 17024K, reserved 1048576K
}
Event: 51.294 GC heap before
{Heap before GC invocations=29 (full 5):
 PSYoungGen      total 1288192K, used 1184768K [0x000000076b100000, 0x00000007c0000000, 0x00000007c0000000)
  eden space 1184768K, 100% used [0x000000076b100000,0x00000007b3600000,0x00000007b3600000)
  from space 103424K, 0% used [0x00000007b3600000,0x00000007b3600000,0x00000007b9b00000)
  to   space 98304K, 0% used [0x00000007ba000000,0x00000007ba000000,0x00000007c0000000)
 ParOldGen       total 652288K, used 362519K [0x00000006c1200000, 0x00000006e8f00000, 0x000000076b100000)
  object space 652288K, 55% used [0x00000006c1200000,0x00000006d7405ff8,0x00000006e8f00000)
 Metaspace       used 141428K, capacity 147236K, committed 148556K, reserved 1181696K
  class space    used 15730K, capacity 16717K, committed 17024K, reserved 1048576K
Event: 51.303 GC heap after
Heap after GC invocations=29 (full 5):
 PSYoungGen      total 1282048K, used 4256K [0x000000076b100000, 0x00000007bfa00000, 0x00000007c0000000)
  eden space 1189888K, 0% used [0x000000076b100000,0x000000076b100000,0x00000007b3b00000)
  from space 92160K, 4% used [0x00000007ba000000,0x00000007ba428000,0x00000007bfa00000)
  to   space 97792K, 0% used [0x00000007b3b00000,0x00000007b3b00000,0x00000007b9a80000)
 ParOldGen       total 652288K, used 362527K [0x00000006c1200000, 0x00000006e8f00000, 0x000000076b100000)
  object space 652288K, 55% used [0x00000006c1200000,0x00000006d7407ff8,0x00000006e8f00000)
 Metaspace       used 141428K, capacity 147236K, committed 148556K, reserved 1181696K
  class space    used 15730K, capacity 16717K, committed 17024K, reserved 1048576K
}
Event: 53.450 GC heap before
{Heap before GC invocations=30 (full 5):
 PSYoungGen      total 1282048K, used 1194144K [0x000000076b100000, 0x00000007bfa00000, 0x00000007c0000000)
  eden space 1189888K, 100% used [0x000000076b100000,0x00000007b3b00000,0x00000007b3b00000)
  from space 92160K, 4% used [0x00000007ba000000,0x00000007ba428000,0x00000007bfa00000)
  to   space 97792K, 0% used [0x00000007b3b00000,0x00000007b3b00000,0x00000007b9a80000)
 ParOldGen       total 652288K, used 362527K [0x00000006c1200000, 0x00000006e8f00000, 0x000000076b100000)
  object space 652288K, 55% used [0x00000006c1200000,0x00000006d7407ff8,0x00000006e8f00000)
 Metaspace       used 141990K, capacity 147896K, committed 149324K, reserved 1181696K
  class space    used 15759K, capacity 16753K, committed 17024K, reserved 1048576K
Event: 53.468 GC heap after
Heap after GC invocations=30 (full 5):
 PSYoungGen      total 1287680K, used 18580K [0x000000076b100000, 0x00000007bfe80000, 0x00000007c0000000)
  eden space 1189888K, 0% used [0x000000076b100000,0x000000076b100000,0x00000007b3b00000)
  from space 97792K, 18% used [0x00000007b3b00000,0x00000007b4d25020,0x00000007b9a80000)
  to   space 94208K, 0% used [0x00000007ba280000,0x00000007ba280000,0x00000007bfe80000)
 ParOldGen       total 652288K, used 362527K [0x00000006c1200000, 0x00000006e8f00000, 0x000000076b100000)
  object space 652288K, 55% used [0x00000006c1200000,0x00000006d7407ff8,0x00000006e8f00000)
 Metaspace       used 141990K, capacity 147896K, committed 149324K, reserved 1181696K
  class space    used 15759K, capacity 16753K, committed 17024K, reserved 1048576K
}

